<?xml version="1.0" encoding="UTF-8"?>
<!-- Generated by org.testng.reporters.JUnitReportReporter -->
<testsuite hostname="nirav-Inspiron-3558" failures="0" tests="4" name="com.qa.tests.DemoTest" time="0.010" errors="0" timestamp="28 Apr 2020 13:35:28 GMT" skipped="0">
  <testcase classname="com.qa.tests.DemoTest" name="mul" time="0.002"/>
  <testcase classname="com.qa.tests.DemoTest" name="sub" time="0.003"/>
  <testcase classname="com.qa.tests.DemoTest" name="sum" time="0.002"/>
  <testcase classname="com.qa.tests.DemoTest" name="div" time="0.003"/>
</testsuite> <!-- com.qa.tests.DemoTest -->
