<?xml version="1.0" encoding="UTF-8"?>
<!-- Generated by org.testng.reporters.JUnitReportReporter -->
<testsuite hostname="nirav-Inspiron-3558" failures="0" tests="4" name="com.qa.tests.DemoTest1" time="0.129" errors="0" timestamp="28 Apr 2020 13:35:28 GMT" skipped="0">
  <testcase classname="com.qa.tests.DemoTest1" name="div" time="0.124"/>
  <testcase classname="com.qa.tests.DemoTest1" name="sub" time="0.001"/>
  <testcase classname="com.qa.tests.DemoTest1" name="sum" time="0.002"/>
  <testcase classname="com.qa.tests.DemoTest1" name="mul" time="0.002"/>
</testsuite> <!-- com.qa.tests.DemoTest1 -->
