<?xml version="1.0" encoding="UTF-8"?>
<!-- Generated by org.testng.reporters.JUnitReportReporter -->
<testsuite hostname="nirav-Inspiron-3558" failures="0" tests="4" name="com.qa.tests.DemoTest1" time="0.000" errors="0" timestamp="29 Apr 2020 07:03:59 GMT" skipped="0">
  <testcase classname="com.qa.tests.DemoTest1" name="sum" time="0.000"/>
  <testcase classname="com.qa.tests.DemoTest1" name="mul" time="0.000"/>
  <testcase classname="com.qa.tests.DemoTest1" name="sub" time="0.000"/>
  <testcase classname="com.qa.tests.DemoTest1" name="div" time="0.000"/>
</testsuite> <!-- com.qa.tests.DemoTest1 -->
